# JRE version: OpenJDK Runtime Environment Microsoft-32931 (17.0.3+7) (build 17.0.3+7-LTS)
# Java VM: OpenJDK 64-Bit Server VM Microsoft-32931 (17.0.3+7-LTS, mixed mode, tiered, compressed oops, compressed class ptrs, g1 gc, windows-amd64)
GC Precious Log:
 CPUs: 8 total, 8 available
 Memory: 16322M
 Large Page Support: Disabled
 NUMA Support: Disabled
 Compressed Oops: Enabled (Zero based)
 Heap Region Size: 32M
 Heap Min Capacity: 32M
 Heap Initial Capacity: 256M
 Heap Max Capacity: 8G
 Pre-touch: Disabled
 Parallel Workers: 8
 Concurrent Workers: 2
 Concurrent Refinement Workers: 8
 Periodic GC: Disabled
Heap:
 garbage-first heap   total 1671168K, used 583008K [0x0000000600000000, 0x0000000800000000)
  region size 32768K, 2 young (65536K), 2 survivors (65536K)
 Metaspace       used 187965K, committed 189696K, reserved 1212416K
  class space    used 31484K, committed 32256K, reserved 1048576K
GC Heap History (20 events):
Event: 76.690 GC heap after
{Heap after GC invocations=53 (full 0):
 garbage-first heap   total 1114112K, used 444161K [0x0000000600000000, 0x0000000800000000)
  region size 32768K, 2 young (65536K), 2 survivors (65536K)
 Metaspace       used 156354K, committed 158016K, reserved 1187840K
  class space    used 25206K, committed 25920K, reserved 1048576K
}
Event: 77.685 GC heap before
{Heap before GC invocations=53 (full 0):
 garbage-first heap   total 1114112K, used 608001K [0x0000000600000000, 0x0000000800000000)
  region size 32768K, 7 young (229376K), 2 survivors (65536K)
 Metaspace       used 157362K, committed 158976K, reserved 1187840K
  class space    used 25386K, committed 26112K, reserved 1048576K
}
Event: 77.759 GC heap after
{Heap after GC invocations=54 (full 0):
 garbage-first heap   total 1114112K, used 467187K [0x0000000600000000, 0x0000000800000000)
  region size 32768K, 1 young (32768K), 1 survivors (32768K)
 Metaspace       used 157362K, committed 158976K, reserved 1187840K
  class space    used 25386K, committed 26112K, reserved 1048576K
}
Event: 78.986 GC heap before
{Heap before GC invocations=54 (full 0):
 garbage-first heap   total 1114112K, used 762099K [0x0000000600000000, 0x0000000800000000)
  region size 32768K, 10 young (327680K), 1 survivors (32768K)
 Metaspace       used 158870K, committed 160512K, reserved 1187840K
  class space    used 25705K, committed 26432K, reserved 1048576K
}
Event: 79.018 GC heap after
{Heap after GC invocations=55 (full 0):
 garbage-first heap   total 1671168K, used 489968K [0x0000000600000000, 0x0000000800000000)
  region size 32768K, 2 young (65536K), 2 survivors (65536K)
 Metaspace       used 158870K, committed 160512K, reserved 1187840K
  class space    used 25705K, committed 26432K, reserved 1048576K
}
Event: 80.395 GC heap before
{Heap before GC invocations=55 (full 0):
 garbage-first heap   total 1671168K, used 752112K [0x0000000600000000, 0x0000000800000000)
  region size 32768K, 10 young (327680K), 2 survivors (65536K)
 Metaspace       used 158883K, committed 160512K, reserved 1187840K
  class space    used 25708K, committed 26432K, reserved 1048576K
}
Event: 80.980 GC heap after
{Heap after GC invocations=56 (full 0):
 garbage-first heap   total 1671168K, used 516166K [0x0000000600000000, 0x0000000800000000)
  region size 32768K, 2 young (65536K), 2 survivors (65536K)
 Metaspace       used 158883K, committed 160512K, reserved 1187840K
  class space    used 25708K, committed 26432K, reserved 1048576K
}
Event: 86.004 GC heap before
{Heap before GC invocations=56 (full 0):
 garbage-first heap   total 1671168K, used 778310K [0x0000000600000000, 0x0000000800000000)
  region size 32768K, 10 young (327680K), 2 survivors (65536K)
 Metaspace       used 167192K, committed 168832K, reserved 1196032K
  class space    used 27620K, committed 28352K, reserved 1048576K
}
Event: 86.077 GC heap after
{Heap after GC invocations=57 (full 0):
 garbage-first heap   total 1671168K, used 535719K [0x0000000600000000, 0x0000000800000000)
  region size 32768K, 2 young (65536K), 2 survivors (65536K)
 Metaspace       used 167192K, committed 168832K, reserved 1196032K
  class space    used 27620K, committed 28352K, reserved 1048576K
}
Event: 93.668 GC heap before
{Heap before GC invocations=57 (full 0):
 garbage-first heap   total 1671168K, used 797863K [0x0000000600000000, 0x0000000800000000)
  region size 32768K, 10 young (327680K), 2 survivors (65536K)
 Metaspace       used 175674K, committed 177280K, reserved 1204224K
  class space    used 29482K, committed 30208K, reserved 1048576K
}
Event: 93.708 GC heap after
{Heap after GC invocations=58 (full 0):
 garbage-first heap   total 1671168K, used 549968K [0x0000000600000000, 0x0000000800000000)
  region size 32768K, 1 young (32768K), 1 survivors (32768K)
 Metaspace       used 175674K, committed 177280K, reserved 1204224K
  class space    used 29482K, committed 30208K, reserved 1048576K
}
Event: 100.377 GC heap before
{Heap before GC invocations=58 (full 0):
 garbage-first heap   total 1671168K, used 844880K [0x0000000600000000, 0x0000000800000000)
  region size 32768K, 10 young (327680K), 1 survivors (32768K)
 Metaspace       used 186941K, committed 188672K, reserved 1212416K
  class space    used 31330K, committed 32128K, reserved 1048576K
}
Event: 100.406 GC heap after
{Heap after GC invocations=59 (full 0):
 garbage-first heap   total 1671168K, used 557949K [0x0000000600000000, 0x0000000800000000)
  region size 32768K, 2 young (65536K), 2 survivors (65536K)
 Metaspace       used 186941K, committed 188672K, reserved 1212416K
  class space    used 31330K, committed 32128K, reserved 1048576K
}
Event: 100.900 GC heap before
{Heap before GC invocations=59 (full 0):
 garbage-first heap   total 1671168K, used 820093K [0x0000000600000000, 0x0000000800000000)
  region size 32768K, 10 young (327680K), 2 survivors (65536K)
 Metaspace       used 187179K, committed 188864K, reserved 1212416K
  class space    used 31373K, committed 32128K, reserved 1048576K
}
Event: 100.933 GC heap after
{Heap after GC invocations=60 (full 0):
 garbage-first heap   total 1671168K, used 567752K [0x0000000600000000, 0x0000000800000000)
  region size 32768K, 2 young (65536K), 2 survivors (65536K)
 Metaspace       used 187179K, committed 188864K, reserved 1212416K
  class space    used 31373K, committed 32128K, reserved 1048576K
}
Event: 101.114 GC heap before
{Heap before GC invocations=60 (full 0):
 garbage-first heap   total 1671168K, used 829896K [0x0000000600000000, 0x0000000800000000)
  region size 32768K, 10 young (327680K), 2 survivors (65536K)
 Metaspace       used 187212K, committed 188864K, reserved 1212416K
  class space    used 31375K, committed 32128K, reserved 1048576K
}
Event: 101.135 GC heap after
{Heap after GC invocations=61 (full 0):
 garbage-first heap   total 1671168K, used 572508K [0x0000000600000000, 0x0000000800000000)
  region size 32768K, 2 young (65536K), 2 survivors (65536K)
 Metaspace       used 187212K, committed 188864K, reserved 1212416K
  class space    used 31375K, committed 32128K, reserved 1048576K
}
Event: 101.343 GC heap before
{Heap before GC invocations=61 (full 0):
 garbage-first heap   total 1671168K, used 834652K [0x0000000600000000, 0x0000000800000000)
  region size 32768K, 10 young (327680K), 2 survivors (65536K)
 Metaspace       used 187659K, committed 189376K, reserved 1212416K
  class space    used 31444K, committed 32192K, reserved 1048576K
}
Event: 101.376 GC heap after
{Heap after GC invocations=62 (full 0):
 garbage-first heap   total 1671168K, used 579860K [0x0000000600000000, 0x0000000800000000)
  region size 32768K, 2 young (65536K), 2 survivors (65536K)
 Metaspace       used 187659K, committed 189376K, reserved 1212416K
  class space    used 31444K, committed 32192K, reserved 1048576K
}
Event: 101.568 GC heap before
{Heap before GC invocations=62 (full 0):
 garbage-first heap   total 1671168K, used 842004K [0x0000000600000000, 0x0000000800000000)
  region size 32768K, 10 young (327680K), 2 survivors (65536K)
 Metaspace       used 187965K, committed 189696K, reserved 1212416K
  class space    used 31484K, committed 32256K, reserved 1048576K
}

