# JRE version: OpenJDK Runtime Environment Microsoft-32931 (17.0.3+7) (build 17.0.3+7-LTS)
# Java VM: OpenJDK 64-Bit Server VM Microsoft-32931 (17.0.3+7-LTS, mixed mode, tiered, compressed oops, compressed class ptrs, g1 gc, windows-amd64)
GC Precious Log:
 CPUs: 8 total, 8 available
 Memory: 16322M
 Large Page Support: Disabled
 NUMA Support: Disabled
 Compressed Oops: Enabled (Zero based)
 Heap Region Size: 32M
 Heap Min Capacity: 32M
 Heap Initial Capacity: 256M
 Heap Max Capacity: 6G
 Pre-touch: Disabled
 Parallel Workers: 8
 Concurrent Workers: 2
 Concurrent Refinement Workers: 8
 Periodic GC: Disabled
Heap:
 garbage-first heap   total 5373952K, used 2396939K [0x0000000680000000, 0x0000000800000000)
  region size 32768K, 6 young (196608K), 2 survivors (65536K)
 Metaspace       used 256034K, committed 261056K, reserved 1277952K
  class space    used 37472K, committed 39552K, reserved 1048576K
GC Heap History (20 events):
Event: 3573.370 GC heap before
{Heap before GC invocations=645 (full 0):
 garbage-first heap   total 5373952K, used 4162625K [0x0000000680000000, 0x0000000800000000)
  region size 32768K, 60 young (1966080K), 3 survivors (98304K)
 Metaspace       used 255241K, committed 260288K, reserved 1269760K
  class space    used 37371K, committed 39488K, reserved 1048576K
}
Event: 3573.392 GC heap after
{Heap after GC invocations=646 (full 0):
 garbage-first heap   total 5373952K, used 2291262K [0x0000000680000000, 0x0000000800000000)
  region size 32768K, 2 young (65536K), 2 survivors (65536K)
 Metaspace       used 255241K, committed 260288K, reserved 1269760K
  class space    used 37371K, committed 39488K, reserved 1048576K
}
Event: 3578.114 GC heap before
{Heap before GC invocations=646 (full 0):
 garbage-first heap   total 5373952K, used 4224574K [0x0000000680000000, 0x0000000800000000)
  region size 32768K, 61 young (1998848K), 2 survivors (65536K)
 Metaspace       used 255350K, committed 260352K, reserved 1269760K
  class space    used 37379K, committed 39488K, reserved 1048576K
}
Event: 3578.136 GC heap after
{Heap after GC invocations=647 (full 0):
 garbage-first heap   total 5373952K, used 2291178K [0x0000000680000000, 0x0000000800000000)
  region size 32768K, 2 young (65536K), 2 survivors (65536K)
 Metaspace       used 255350K, committed 260352K, reserved 1269760K
  class space    used 37379K, committed 39488K, reserved 1048576K
}
Event: 3583.975 GC heap before
{Heap before GC invocations=647 (full 0):
 garbage-first heap   total 5373952K, used 4158954K [0x0000000680000000, 0x0000000800000000)
  region size 32768K, 60 young (1966080K), 2 survivors (65536K)
 Metaspace       used 255719K, committed 260736K, reserved 1277952K
  class space    used 37431K, committed 39552K, reserved 1048576K
}
Event: 3583.996 GC heap after
{Heap after GC invocations=648 (full 0):
 garbage-first heap   total 5373952K, used 2292185K [0x0000000680000000, 0x0000000800000000)
  region size 32768K, 2 young (65536K), 2 survivors (65536K)
 Metaspace       used 255719K, committed 260736K, reserved 1277952K
  class space    used 37431K, committed 39552K, reserved 1048576K
}
Event: 3588.764 GC heap before
{Heap before GC invocations=648 (full 0):
 garbage-first heap   total 5373952K, used 4192729K [0x0000000680000000, 0x0000000800000000)
  region size 32768K, 60 young (1966080K), 2 survivors (65536K)
 Metaspace       used 255745K, committed 260736K, reserved 1277952K
  class space    used 37433K, committed 39552K, reserved 1048576K
}
Event: 3588.786 GC heap after
{Heap after GC invocations=649 (full 0):
 garbage-first heap   total 5373952K, used 2290099K [0x0000000680000000, 0x0000000800000000)
  region size 32768K, 2 young (65536K), 2 survivors (65536K)
 Metaspace       used 255745K, committed 260736K, reserved 1277952K
  class space    used 37433K, committed 39552K, reserved 1048576K
}
Event: 3594.870 GC heap before
{Heap before GC invocations=649 (full 0):
 garbage-first heap   total 5373952K, used 4190643K [0x0000000680000000, 0x0000000800000000)
  region size 32768K, 60 young (1966080K), 2 survivors (65536K)
 Metaspace       used 255774K, committed 260800K, reserved 1277952K
  class space    used 37437K, committed 39552K, reserved 1048576K
}
Event: 3594.889 GC heap after
{Heap after GC invocations=650 (full 0):
 garbage-first heap   total 5373952K, used 2289553K [0x0000000680000000, 0x0000000800000000)
  region size 32768K, 2 young (65536K), 2 survivors (65536K)
 Metaspace       used 255774K, committed 260800K, reserved 1277952K
  class space    used 37437K, committed 39552K, reserved 1048576K
}
Event: 3601.599 GC heap before
{Heap before GC invocations=650 (full 0):
 garbage-first heap   total 5373952K, used 4190097K [0x0000000680000000, 0x0000000800000000)
  region size 32768K, 60 young (1966080K), 2 survivors (65536K)
 Metaspace       used 255822K, committed 260864K, reserved 1277952K
  class space    used 37441K, committed 39552K, reserved 1048576K
}
Event: 3601.617 GC heap after
{Heap after GC invocations=651 (full 0):
 garbage-first heap   total 5373952K, used 2291617K [0x0000000680000000, 0x0000000800000000)
  region size 32768K, 2 young (65536K), 2 survivors (65536K)
 Metaspace       used 255822K, committed 260864K, reserved 1277952K
  class space    used 37441K, committed 39552K, reserved 1048576K
}
Event: 3608.418 GC heap before
{Heap before GC invocations=651 (full 0):
 garbage-first heap   total 5373952K, used 4192161K [0x0000000680000000, 0x0000000800000000)
  region size 32768K, 60 young (1966080K), 2 survivors (65536K)
 Metaspace       used 255859K, committed 260864K, reserved 1277952K
  class space    used 37444K, committed 39552K, reserved 1048576K
}
Event: 3608.436 GC heap after
{Heap after GC invocations=652 (full 0):
 garbage-first heap   total 5373952K, used 2289670K [0x0000000680000000, 0x0000000800000000)
  region size 32768K, 2 young (65536K), 2 survivors (65536K)
 Metaspace       used 255859K, committed 260864K, reserved 1277952K
  class space    used 37444K, committed 39552K, reserved 1048576K
}
Event: 3615.210 GC heap before
{Heap before GC invocations=652 (full 0):
 garbage-first heap   total 5373952K, used 4190214K [0x0000000680000000, 0x0000000800000000)
  region size 32768K, 60 young (1966080K), 2 survivors (65536K)
 Metaspace       used 255895K, committed 260928K, reserved 1277952K
  class space    used 37447K, committed 39552K, reserved 1048576K
}
Event: 3615.226 GC heap after
{Heap after GC invocations=653 (full 0):
 garbage-first heap   total 5373952K, used 2287261K [0x0000000680000000, 0x0000000800000000)
  region size 32768K, 2 young (65536K), 2 survivors (65536K)
 Metaspace       used 255895K, committed 260928K, reserved 1277952K
  class space    used 37447K, committed 39552K, reserved 1048576K
}
Event: 3623.600 GC heap before
{Heap before GC invocations=653 (full 0):
 garbage-first heap   total 5373952K, used 4187805K [0x0000000680000000, 0x0000000800000000)
  region size 32768K, 60 young (1966080K), 2 survivors (65536K)
 Metaspace       used 255900K, committed 260928K, reserved 1277952K
  class space    used 37447K, committed 39552K, reserved 1048576K
}
Event: 3623.614 GC heap after
{Heap after GC invocations=654 (full 0):
 garbage-first heap   total 5373952K, used 2287217K [0x0000000680000000, 0x0000000800000000)
  region size 32768K, 2 young (65536K), 2 survivors (65536K)
 Metaspace       used 255900K, committed 260928K, reserved 1277952K
  class space    used 37447K, committed 39552K, reserved 1048576K
}
Event: 3628.477 GC heap before
{Heap before GC invocations=654 (full 0):
 garbage-first heap   total 5373952K, used 4187761K [0x0000000680000000, 0x0000000800000000)
  region size 32768K, 60 young (1966080K), 2 survivors (65536K)
 Metaspace       used 255920K, committed 260992K, reserved 1277952K
  class space    used 37449K, committed 39552K, reserved 1048576K
}
Event: 3628.500 GC heap after
{Heap after GC invocations=655 (full 0):
 garbage-first heap   total 5373952K, used 2298635K [0x0000000680000000, 0x0000000800000000)
  region size 32768K, 2 young (65536K), 2 survivors (65536K)
 Metaspace       used 255920K, committed 260992K, reserved 1277952K
  class space    used 37449K, committed 39552K, reserved 1048576K
}

