# JRE version: OpenJDK Runtime Environment Microsoft-32931 (17.0.3+7) (build 17.0.3+7-LTS)
# Java VM: OpenJDK 64-Bit Server VM Microsoft-32931 (17.0.3+7-LTS, mixed mode, tiered, compressed oops, compressed class ptrs, g1 gc, windows-amd64)
GC Precious Log:
 CPUs: 8 total, 8 available
 Memory: 16322M
 Large Page Support: Disabled
 NUMA Support: Disabled
 Compressed Oops: Enabled (Zero based)
 Heap Region Size: 32M
 Heap Min Capacity: 32M
 Heap Initial Capacity: 256M
 Heap Max Capacity: 8G
 Pre-touch: Disabled
 Parallel Workers: 8
 Concurrent Workers: 2
 Concurrent Refinement Workers: 8
 Periodic GC: Disabled
Heap:
 garbage-first heap   total 8224768K, used 4955218K [0x0000000600000000, 0x0000000800000000)
  region size 32768K, 51 young (1671168K), 5 survivors (163840K)
 Metaspace       used 312774K, committed 318080K, reserved 1318912K
  class space    used 49180K, committed 51456K, reserved 1048576K
GC Heap History (20 events):
Event: 2355.836 GC heap before
{Heap before GC invocations=462 (full 0):
 garbage-first heap   total 8224768K, used 6407311K [0x0000000600000000, 0x0000000800000000)
  region size 32768K, 95 young (3112960K), 4 survivors (131072K)
 Metaspace       used 312725K, committed 318016K, reserved 1318912K
  class space    used 49178K, committed 51456K, reserved 1048576K
}
Event: 2355.879 GC heap after
{Heap after GC invocations=463 (full 0):
 garbage-first heap   total 8224768K, used 3442256K [0x0000000600000000, 0x0000000800000000)
  region size 32768K, 5 young (163840K), 5 survivors (163840K)
 Metaspace       used 312725K, committed 318016K, reserved 1318912K
  class space    used 49178K, committed 51456K, reserved 1048576K
}
Event: 2357.988 GC heap before
{Heap before GC invocations=463 (full 0):
 garbage-first heap   total 8224768K, used 4916816K [0x0000000600000000, 0x0000000800000000)
  region size 32768K, 50 young (1638400K), 5 survivors (163840K)
 Metaspace       used 312741K, committed 318016K, reserved 1318912K
  class space    used 49178K, committed 51456K, reserved 1048576K
}
Event: 2358.056 GC heap after
{Heap after GC invocations=464 (full 0):
 garbage-first heap   total 8224768K, used 3412625K [0x0000000600000000, 0x0000000800000000)
  region size 32768K, 4 young (131072K), 4 survivors (131072K)
 Metaspace       used 312741K, committed 318016K, reserved 1318912K
  class space    used 49178K, committed 51456K, reserved 1048576K
}
Event: 2374.323 GC heap before
{Heap before GC invocations=464 (full 0):
 garbage-first heap   total 8224768K, used 6394513K [0x0000000600000000, 0x0000000800000000)
  region size 32768K, 95 young (3112960K), 4 survivors (131072K)
 Metaspace       used 312752K, committed 318080K, reserved 1318912K
  class space    used 49179K, committed 51456K, reserved 1048576K
}
Event: 2374.364 GC heap after
{Heap after GC invocations=465 (full 0):
 garbage-first heap   total 8224768K, used 3421689K [0x0000000600000000, 0x0000000800000000)
  region size 32768K, 5 young (163840K), 5 survivors (163840K)
 Metaspace       used 312752K, committed 318080K, reserved 1318912K
  class space    used 49179K, committed 51456K, reserved 1048576K
}
Event: 2381.993 GC heap before
{Heap before GC invocations=465 (full 0):
 garbage-first heap   total 8224768K, used 6338041K [0x0000000600000000, 0x0000000800000000)
  region size 32768K, 94 young (3080192K), 5 survivors (163840K)
 Metaspace       used 312756K, committed 318080K, reserved 1318912K
  class space    used 49179K, committed 51456K, reserved 1048576K
}
Event: 2382.040 GC heap after
{Heap after GC invocations=466 (full 0):
 garbage-first heap   total 8224768K, used 3441457K [0x0000000600000000, 0x0000000800000000)
  region size 32768K, 5 young (163840K), 5 survivors (163840K)
 Metaspace       used 312756K, committed 318080K, reserved 1318912K
  class space    used 49179K, committed 51456K, reserved 1048576K
}
Event: 2388.462 GC heap before
{Heap before GC invocations=466 (full 0):
 garbage-first heap   total 8224768K, used 6357809K [0x0000000600000000, 0x0000000800000000)
  region size 32768K, 94 young (3080192K), 5 survivors (163840K)
 Metaspace       used 312760K, committed 318080K, reserved 1318912K
  class space    used 49179K, committed 51456K, reserved 1048576K
}
Event: 2388.512 GC heap after
{Heap after GC invocations=467 (full 0):
 garbage-first heap   total 8224768K, used 3459662K [0x0000000600000000, 0x0000000800000000)
  region size 32768K, 6 young (196608K), 6 survivors (196608K)
 Metaspace       used 312760K, committed 318080K, reserved 1318912K
  class space    used 49179K, committed 51456K, reserved 1048576K
}
Event: 2390.818 GC heap before
{Heap before GC invocations=467 (full 0):
 garbage-first heap   total 8224768K, used 4901454K [0x0000000600000000, 0x0000000800000000)
  region size 32768K, 50 young (1638400K), 6 survivors (196608K)
 Metaspace       used 312760K, committed 318080K, reserved 1318912K
  class space    used 49179K, committed 51456K, reserved 1048576K
}
Event: 2390.868 GC heap after
{Heap after GC invocations=468 (full 0):
 garbage-first heap   total 8224768K, used 3466970K [0x0000000600000000, 0x0000000800000000)
  region size 32768K, 4 young (131072K), 4 survivors (131072K)
 Metaspace       used 312760K, committed 318080K, reserved 1318912K
  class space    used 49179K, committed 51456K, reserved 1048576K
}
Event: 2396.302 GC heap before
{Heap before GC invocations=469 (full 0):
 garbage-first heap   total 8224768K, used 6416090K [0x0000000600000000, 0x0000000800000000)
  region size 32768K, 94 young (3080192K), 4 survivors (131072K)
 Metaspace       used 312764K, committed 318080K, reserved 1318912K
  class space    used 49179K, committed 51456K, reserved 1048576K
}
Event: 2396.342 GC heap after
{Heap after GC invocations=470 (full 0):
 garbage-first heap   total 8224768K, used 3481202K [0x0000000600000000, 0x0000000800000000)
  region size 32768K, 5 young (163840K), 5 survivors (163840K)
 Metaspace       used 312764K, committed 318080K, reserved 1318912K
  class space    used 49179K, committed 51456K, reserved 1048576K
}
Event: 2400.491 GC heap before
{Heap before GC invocations=470 (full 0):
 garbage-first heap   total 8224768K, used 4955762K [0x0000000600000000, 0x0000000800000000)
  region size 32768K, 50 young (1638400K), 5 survivors (163840K)
 Metaspace       used 312764K, committed 318080K, reserved 1318912K
  class space    used 49179K, committed 51456K, reserved 1048576K
}
Event: 2400.560 GC heap after
{Heap after GC invocations=471 (full 0):
 garbage-first heap   total 8224768K, used 3440126K [0x0000000600000000, 0x0000000800000000)
  region size 32768K, 4 young (131072K), 4 survivors (131072K)
 Metaspace       used 312764K, committed 318080K, reserved 1318912K
  class space    used 49179K, committed 51456K, reserved 1048576K
}
Event: 2405.773 GC heap before
{Heap before GC invocations=471 (full 0):
 garbage-first heap   total 8224768K, used 6356478K [0x0000000600000000, 0x0000000800000000)
  region size 32768K, 94 young (3080192K), 4 survivors (131072K)
 Metaspace       used 312767K, committed 318080K, reserved 1318912K
  class space    used 49179K, committed 51456K, reserved 1048576K
}
Event: 2405.813 GC heap after
{Heap after GC invocations=472 (full 0):
 garbage-first heap   total 8224768K, used 3453488K [0x0000000600000000, 0x0000000800000000)
  region size 32768K, 4 young (131072K), 4 survivors (131072K)
 Metaspace       used 312767K, committed 318080K, reserved 1318912K
  class space    used 49179K, committed 51456K, reserved 1048576K
}
Event: 2411.298 GC heap before
{Heap before GC invocations=472 (full 0):
 garbage-first heap   total 8224768K, used 6402608K [0x0000000600000000, 0x0000000800000000)
  region size 32768K, 94 young (3080192K), 4 survivors (131072K)
 Metaspace       used 312770K, committed 318080K, reserved 1318912K
  class space    used 49179K, committed 51456K, reserved 1048576K
}
Event: 2411.343 GC heap after
{Heap after GC invocations=473 (full 0):
 garbage-first heap   total 8224768K, used 3480658K [0x0000000600000000, 0x0000000800000000)
  region size 32768K, 5 young (163840K), 5 survivors (163840K)
 Metaspace       used 312770K, committed 318080K, reserved 1318912K
  class space    used 49179K, committed 51456K, reserved 1048576K
}

