# JRE version: OpenJDK Runtime Environment Microsoft-32931 (17.0.3+7) (build 17.0.3+7-LTS)
# Java VM: OpenJDK 64-Bit Server VM Microsoft-32931 (17.0.3+7-LTS, mixed mode, tiered, compressed oops, compressed class ptrs, g1 gc, windows-amd64)
GC Precious Log:
 CPUs: 8 total, 8 available
 Memory: 16322M
 Large Page Support: Disabled
 NUMA Support: Disabled
 Compressed Oops: Enabled (Zero based)
 Heap Region Size: 32M
 Heap Min Capacity: 32M
 Heap Initial Capacity: 256M
 Heap Max Capacity: 6G
 Pre-touch: Disabled
 Parallel Workers: 8
 Concurrent Workers: 2
 Concurrent Refinement Workers: 8
 Periodic GC: Disabled
Heap:
 garbage-first heap   total 4882432K, used 3037025K [0x0000000680000000, 0x0000000800000000)
  region size 32768K, 44 young (1441792K), 4 survivors (131072K)
 Metaspace       used 252844K, committed 257600K, reserved 1269760K
  class space    used 36880K, committed 38912K, reserved 1048576K
GC Heap History (20 events):
Event: 1026.511 GC heap before
{Heap before GC invocations=412 (full 0):
 garbage-first heap   total 4882432K, used 3683380K [0x0000000680000000, 0x0000000800000000)
  region size 32768K, 65 young (2129920K), 4 survivors (131072K)
 Metaspace       used 252488K, committed 257280K, reserved 1269760K
  class space    used 36826K, committed 38848K, reserved 1048576K
}
Event: 1026.540 GC heap after
{Heap after GC invocations=413 (full 0):
 garbage-first heap   total 4882432K, used 1718233K [0x0000000680000000, 0x0000000800000000)
  region size 32768K, 4 young (131072K), 4 survivors (131072K)
 Metaspace       used 252488K, committed 257280K, reserved 1269760K
  class space    used 36826K, committed 38848K, reserved 1048576K
}
Event: 1029.367 GC heap before
{Heap before GC invocations=413 (full 0):
 garbage-first heap   total 4882432K, used 3717081K [0x0000000680000000, 0x0000000800000000)
  region size 32768K, 65 young (2129920K), 4 survivors (131072K)
 Metaspace       used 252582K, committed 257344K, reserved 1269760K
  class space    used 36838K, committed 38848K, reserved 1048576K
}
Event: 1029.397 GC heap after
{Heap after GC invocations=414 (full 0):
 garbage-first heap   total 4882432K, used 1718513K [0x0000000680000000, 0x0000000800000000)
  region size 32768K, 4 young (131072K), 4 survivors (131072K)
 Metaspace       used 252582K, committed 257344K, reserved 1269760K
  class space    used 36838K, committed 38848K, reserved 1048576K
}
Event: 1032.023 GC heap before
{Heap before GC invocations=414 (full 0):
 garbage-first heap   total 4882432K, used 3684593K [0x0000000680000000, 0x0000000800000000)
  region size 32768K, 65 young (2129920K), 4 survivors (131072K)
 Metaspace       used 252627K, committed 257408K, reserved 1269760K
  class space    used 36847K, committed 38848K, reserved 1048576K
}
Event: 1032.057 GC heap after
{Heap after GC invocations=415 (full 0):
 garbage-first heap   total 4882432K, used 1735974K [0x0000000680000000, 0x0000000800000000)
  region size 32768K, 4 young (131072K), 4 survivors (131072K)
 Metaspace       used 252627K, committed 257408K, reserved 1269760K
  class space    used 36847K, committed 38848K, reserved 1048576K
}
Event: 1035.136 GC heap before
{Heap before GC invocations=415 (full 0):
 garbage-first heap   total 4882432K, used 3734822K [0x0000000680000000, 0x0000000800000000)
  region size 32768K, 65 young (2129920K), 4 survivors (131072K)
 Metaspace       used 252637K, committed 257408K, reserved 1269760K
  class space    used 36847K, committed 38848K, reserved 1048576K
}
Event: 1035.170 GC heap after
{Heap after GC invocations=416 (full 0):
 garbage-first heap   total 4882432K, used 1739010K [0x0000000680000000, 0x0000000800000000)
  region size 32768K, 4 young (131072K), 4 survivors (131072K)
 Metaspace       used 252637K, committed 257408K, reserved 1269760K
  class space    used 36847K, committed 38848K, reserved 1048576K
}
Event: 1038.523 GC heap before
{Heap before GC invocations=416 (full 0):
 garbage-first heap   total 4882432K, used 3737858K [0x0000000680000000, 0x0000000800000000)
  region size 32768K, 65 young (2129920K), 4 survivors (131072K)
 Metaspace       used 252671K, committed 257408K, reserved 1269760K
  class space    used 36853K, committed 38848K, reserved 1048576K
}
Event: 1038.558 GC heap after
{Heap after GC invocations=417 (full 0):
 garbage-first heap   total 4882432K, used 1743333K [0x0000000680000000, 0x0000000800000000)
  region size 32768K, 4 young (131072K), 4 survivors (131072K)
 Metaspace       used 252671K, committed 257408K, reserved 1269760K
  class space    used 36853K, committed 38848K, reserved 1048576K
}
Event: 1042.906 GC heap before
{Heap before GC invocations=417 (full 0):
 garbage-first heap   total 4882432K, used 3742181K [0x0000000680000000, 0x0000000800000000)
  region size 32768K, 65 young (2129920K), 4 survivors (131072K)
 Metaspace       used 252781K, committed 257536K, reserved 1269760K
  class space    used 36874K, committed 38912K, reserved 1048576K
}
Event: 1042.943 GC heap after
{Heap after GC invocations=418 (full 0):
 garbage-first heap   total 4882432K, used 1744628K [0x0000000680000000, 0x0000000800000000)
  region size 32768K, 4 young (131072K), 4 survivors (131072K)
 Metaspace       used 252781K, committed 257536K, reserved 1269760K
  class space    used 36874K, committed 38912K, reserved 1048576K
}
Event: 1046.159 GC heap before
{Heap before GC invocations=418 (full 0):
 garbage-first heap   total 4882432K, used 3743476K [0x0000000680000000, 0x0000000800000000)
  region size 32768K, 65 young (2129920K), 4 survivors (131072K)
 Metaspace       used 252792K, committed 257600K, reserved 1269760K
  class space    used 36875K, committed 38912K, reserved 1048576K
}
Event: 1046.194 GC heap after
{Heap after GC invocations=419 (full 0):
 garbage-first heap   total 4882432K, used 1755483K [0x0000000680000000, 0x0000000800000000)
  region size 32768K, 4 young (131072K), 4 survivors (131072K)
 Metaspace       used 252792K, committed 257600K, reserved 1269760K
  class space    used 36875K, committed 38912K, reserved 1048576K
}
Event: 1049.584 GC heap before
{Heap before GC invocations=419 (full 0):
 garbage-first heap   total 4882432K, used 3754331K [0x0000000680000000, 0x0000000800000000)
  region size 32768K, 65 young (2129920K), 4 survivors (131072K)
 Metaspace       used 252809K, committed 257600K, reserved 1269760K
  class space    used 36875K, committed 38912K, reserved 1048576K
}
Event: 1049.618 GC heap after
{Heap after GC invocations=420 (full 0):
 garbage-first heap   total 4882432K, used 1747940K [0x0000000680000000, 0x0000000800000000)
  region size 32768K, 4 young (131072K), 4 survivors (131072K)
 Metaspace       used 252809K, committed 257600K, reserved 1269760K
  class space    used 36875K, committed 38912K, reserved 1048576K
}
Event: 1052.677 GC heap before
{Heap before GC invocations=420 (full 0):
 garbage-first heap   total 4882432K, used 3746788K [0x0000000680000000, 0x0000000800000000)
  region size 32768K, 65 young (2129920K), 4 survivors (131072K)
 Metaspace       used 252811K, committed 257600K, reserved 1269760K
  class space    used 36875K, committed 38912K, reserved 1048576K
}
Event: 1052.712 GC heap after
{Heap after GC invocations=421 (full 0):
 garbage-first heap   total 4882432K, used 1758394K [0x0000000680000000, 0x0000000800000000)
  region size 32768K, 4 young (131072K), 4 survivors (131072K)
 Metaspace       used 252811K, committed 257600K, reserved 1269760K
  class space    used 36875K, committed 38912K, reserved 1048576K
}
Event: 1055.036 GC heap before
{Heap before GC invocations=421 (full 0):
 garbage-first heap   total 4882432K, used 3757242K [0x0000000680000000, 0x0000000800000000)
  region size 32768K, 65 young (2129920K), 4 survivors (131072K)
 Metaspace       used 252816K, committed 257600K, reserved 1269760K
  class space    used 36875K, committed 38912K, reserved 1048576K
}
Event: 1055.071 GC heap after
{Heap after GC invocations=422 (full 0):
 garbage-first heap   total 4882432K, used 1759073K [0x0000000680000000, 0x0000000800000000)
  region size 32768K, 4 young (131072K), 4 survivors (131072K)
 Metaspace       used 252816K, committed 257600K, reserved 1269760K
  class space    used 36875K, committed 38912K, reserved 1048576K
}

