# JRE version: OpenJDK Runtime Environment Microsoft-32931 (17.0.3+7) (build 17.0.3+7-LTS)
# Java VM: OpenJDK 64-Bit Server VM Microsoft-32931 (17.0.3+7-LTS, mixed mode, tiered, compressed oops, compressed class ptrs, g1 gc, windows-amd64)
GC Precious Log:
 CPUs: 8 total, 8 available
 Memory: 16322M
 Large Page Support: Disabled
 NUMA Support: Disabled
 Compressed Oops: Enabled (Zero based)
 Heap Region Size: 32M
 Heap Min Capacity: 32M
 Heap Initial Capacity: 256M
 Heap Max Capacity: 6G
 Pre-touch: Disabled
 Parallel Workers: 8
 Concurrent Workers: 2
 Concurrent Refinement Workers: 8
 Periodic GC: Disabled
Heap:
 garbage-first heap   total 4653056K, used 3117607K [0x0000000680000000, 0x0000000800000000)
  region size 32768K, 39 young (1277952K), 4 survivors (131072K)
 Metaspace       used 257578K, committed 262784K, reserved 1277952K
  class space    used 37249K, committed 39488K, reserved 1048576K
GC Heap History (20 events):
Event: 2156.408 GC heap before
{Heap before GC invocations=637 (full 0):
 garbage-first heap   total 4653056K, used 3586003K [0x0000000680000000, 0x0000000800000000)
  region size 32768K, 52 young (1703936K), 3 survivors (98304K)
 Metaspace       used 257316K, committed 262592K, reserved 1277952K
  class space    used 37229K, committed 39488K, reserved 1048576K
}
Event: 2156.435 GC heap after
{Heap after GC invocations=638 (full 0):
 garbage-first heap   total 4653056K, used 1983164K [0x0000000680000000, 0x0000000800000000)
  region size 32768K, 3 young (98304K), 3 survivors (98304K)
 Metaspace       used 257316K, committed 262592K, reserved 1277952K
  class space    used 37229K, committed 39488K, reserved 1048576K
}
Event: 2158.034 GC heap before
{Heap before GC invocations=638 (full 0):
 garbage-first heap   total 4653056K, used 3588796K [0x0000000680000000, 0x0000000800000000)
  region size 32768K, 52 young (1703936K), 3 survivors (98304K)
 Metaspace       used 257329K, committed 262592K, reserved 1277952K
  class space    used 37229K, committed 39488K, reserved 1048576K
}
Event: 2158.062 GC heap after
{Heap after GC invocations=639 (full 0):
 garbage-first heap   total 4653056K, used 1987898K [0x0000000680000000, 0x0000000800000000)
  region size 32768K, 3 young (98304K), 3 survivors (98304K)
 Metaspace       used 257329K, committed 262592K, reserved 1277952K
  class space    used 37229K, committed 39488K, reserved 1048576K
}
Event: 2159.937 GC heap before
{Heap before GC invocations=639 (full 0):
 garbage-first heap   total 4653056K, used 3593530K [0x0000000680000000, 0x0000000800000000)
  region size 32768K, 52 young (1703936K), 3 survivors (98304K)
 Metaspace       used 257334K, committed 262592K, reserved 1277952K
  class space    used 37229K, committed 39488K, reserved 1048576K
}
Event: 2159.967 GC heap after
{Heap after GC invocations=640 (full 0):
 garbage-first heap   total 4653056K, used 1992417K [0x0000000680000000, 0x0000000800000000)
  region size 32768K, 4 young (131072K), 4 survivors (131072K)
 Metaspace       used 257334K, committed 262592K, reserved 1277952K
  class space    used 37229K, committed 39488K, reserved 1048576K
}
Event: 2163.017 GC heap before
{Heap before GC invocations=640 (full 0):
 garbage-first heap   total 4653056K, used 3532513K [0x0000000680000000, 0x0000000800000000)
  region size 32768K, 51 young (1671168K), 4 survivors (131072K)
 Metaspace       used 257334K, committed 262592K, reserved 1277952K
  class space    used 37229K, committed 39488K, reserved 1048576K
}
Event: 2163.045 GC heap after
{Heap after GC invocations=641 (full 0):
 garbage-first heap   total 4653056K, used 1994771K [0x0000000680000000, 0x0000000800000000)
  region size 32768K, 4 young (131072K), 4 survivors (131072K)
 Metaspace       used 257334K, committed 262592K, reserved 1277952K
  class space    used 37229K, committed 39488K, reserved 1048576K
}
Event: 2166.509 GC heap before
{Heap before GC invocations=641 (full 0):
 garbage-first heap   total 4653056K, used 3534867K [0x0000000680000000, 0x0000000800000000)
  region size 32768K, 51 young (1671168K), 4 survivors (131072K)
 Metaspace       used 257366K, committed 262592K, reserved 1277952K
  class space    used 37229K, committed 39488K, reserved 1048576K
}
Event: 2166.537 GC heap after
{Heap after GC invocations=642 (full 0):
 garbage-first heap   total 4653056K, used 1994138K [0x0000000680000000, 0x0000000800000000)
  region size 32768K, 3 young (98304K), 3 survivors (98304K)
 Metaspace       used 257366K, committed 262592K, reserved 1277952K
  class space    used 37229K, committed 39488K, reserved 1048576K
}
Event: 2170.464 GC heap before
{Heap before GC invocations=642 (full 0):
 garbage-first heap   total 4653056K, used 3599770K [0x0000000680000000, 0x0000000800000000)
  region size 32768K, 53 young (1736704K), 3 survivors (98304K)
 Metaspace       used 257372K, committed 262656K, reserved 1277952K
  class space    used 37229K, committed 39488K, reserved 1048576K
}
Event: 2170.491 GC heap after
{Heap after GC invocations=643 (full 0):
 garbage-first heap   total 4653056K, used 1993179K [0x0000000680000000, 0x0000000800000000)
  region size 32768K, 3 young (98304K), 3 survivors (98304K)
 Metaspace       used 257372K, committed 262656K, reserved 1277952K
  class space    used 37229K, committed 39488K, reserved 1048576K
}
Event: 2174.345 GC heap before
{Heap before GC invocations=643 (full 0):
 garbage-first heap   total 4653056K, used 3598811K [0x0000000680000000, 0x0000000800000000)
  region size 32768K, 52 young (1703936K), 3 survivors (98304K)
 Metaspace       used 257382K, committed 262656K, reserved 1277952K
  class space    used 37229K, committed 39488K, reserved 1048576K
}
Event: 2174.374 GC heap after
{Heap after GC invocations=644 (full 0):
 garbage-first heap   total 4653056K, used 1999693K [0x0000000680000000, 0x0000000800000000)
  region size 32768K, 4 young (131072K), 4 survivors (131072K)
 Metaspace       used 257382K, committed 262656K, reserved 1277952K
  class space    used 37229K, committed 39488K, reserved 1048576K
}
Event: 2177.231 GC heap before
{Heap before GC invocations=644 (full 0):
 garbage-first heap   total 4653056K, used 3539789K [0x0000000680000000, 0x0000000800000000)
  region size 32768K, 51 young (1671168K), 4 survivors (131072K)
 Metaspace       used 257388K, committed 262656K, reserved 1277952K
  class space    used 37230K, committed 39488K, reserved 1048576K
}
Event: 2177.261 GC heap after
{Heap after GC invocations=645 (full 0):
 garbage-first heap   total 4653056K, used 2002518K [0x0000000680000000, 0x0000000800000000)
  region size 32768K, 4 young (131072K), 4 survivors (131072K)
 Metaspace       used 257388K, committed 262656K, reserved 1277952K
  class space    used 37230K, committed 39488K, reserved 1048576K
}
Event: 2182.125 GC heap before
{Heap before GC invocations=645 (full 0):
 garbage-first heap   total 4653056K, used 3542614K [0x0000000680000000, 0x0000000800000000)
  region size 32768K, 51 young (1671168K), 4 survivors (131072K)
 Metaspace       used 257432K, committed 262656K, reserved 1277952K
  class space    used 37238K, committed 39488K, reserved 1048576K
}
Event: 2182.154 GC heap after
{Heap after GC invocations=646 (full 0):
 garbage-first heap   total 4653056K, used 2005363K [0x0000000680000000, 0x0000000800000000)
  region size 32768K, 4 young (131072K), 4 survivors (131072K)
 Metaspace       used 257432K, committed 262656K, reserved 1277952K
  class space    used 37238K, committed 39488K, reserved 1048576K
}
Event: 2189.253 GC heap before
{Heap before GC invocations=646 (full 0):
 garbage-first heap   total 4653056K, used 3545459K [0x0000000680000000, 0x0000000800000000)
  region size 32768K, 51 young (1671168K), 4 survivors (131072K)
 Metaspace       used 257473K, committed 262720K, reserved 1277952K
  class space    used 37239K, committed 39488K, reserved 1048576K
}
Event: 2189.282 GC heap after
{Heap after GC invocations=647 (full 0):
 garbage-first heap   total 4653056K, used 2003495K [0x0000000680000000, 0x0000000800000000)
  region size 32768K, 4 young (131072K), 4 survivors (131072K)
 Metaspace       used 257473K, committed 262720K, reserved 1277952K
  class space    used 37239K, committed 39488K, reserved 1048576K
}

